1564275599950	mozrunner::runner	INFO	Running command: "/usr/bin/firefox" "-marionette" "-foreground" "-no-remote" "-profile" "/tmp/rust_mozprofile.SLvpxyyDPsza"
1564275605046	addons.webextension.screenshots@mozilla.org	WARN	Loading extension 'screenshots@mozilla.org': Reading manifest: Invalid extension permission: mozillaAddons
1564275605046	addons.webextension.screenshots@mozilla.org	WARN	Loading extension 'screenshots@mozilla.org': Reading manifest: Invalid extension permission: resource://pdf.js/
1564275605046	addons.webextension.screenshots@mozilla.org	WARN	Loading extension 'screenshots@mozilla.org': Reading manifest: Invalid extension permission: about:reader*
1564275613959	Marionette	INFO	Listening on port 46849
1564275614011	Marionette	WARN	TLS certificate errors will be ignored for this session

###!!! [Child][RunMessage] Error: Channel closing: too late to send/recv, messages will be lost

[Parent 10242, Gecko_IOThread] WARNING: pipe error (93): Conexão fechada pela outra ponta: file /build/firefox-S440dE/firefox-67.0.4+linuxmint1+tessa/ipc/chromium/src/chrome/common/ipc_channel_posix.cc, line 357
[Parent 10242, Gecko_IOThread] WARNING: pipe error (78): Conexão fechada pela outra ponta: file /build/firefox-S440dE/firefox-67.0.4+linuxmint1+tessa/ipc/chromium/src/chrome/common/ipc_channel_posix.cc, line 357
1564275635144	Marionette	INFO	Stopped listening on port 46849
1564275929391	mozrunner::runner	INFO	Running command: "/usr/bin/firefox" "-marionette" "-foreground" "-no-remote" "-profile" "/tmp/rust_mozprofile.QDaSilkn8pUC"
1564275947263	addons.webextension.screenshots@mozilla.org	WARN	Loading extension 'screenshots@mozilla.org': Reading manifest: Invalid extension permission: mozillaAddons
1564275947263	addons.webextension.screenshots@mozilla.org	WARN	Loading extension 'screenshots@mozilla.org': Reading manifest: Invalid extension permission: telemetry
1564275947264	addons.webextension.screenshots@mozilla.org	WARN	Loading extension 'screenshots@mozilla.org': Reading manifest: Invalid extension permission: resource://pdf.js/
1564275947264	addons.webextension.screenshots@mozilla.org	WARN	Loading extension 'screenshots@mozilla.org': Reading manifest: Invalid extension permission: about:reader*
1564275962590	Marionette	INFO	Listening on port 39905
1564275962835	Marionette	WARN	TLS certificate errors will be ignored for this session
1564275985330	Marionette	INFO	Stopped listening on port 39905
1564425896381	mozrunner::runner	INFO	Running command: "C:\\Program Files\\Mozilla Firefox\\firefox.exe" "-marionette" "-foreground" "-no-remote" "-profile" "C:\\Users\\richr\\AppData\\Local\\Temp\\rust_mozprofile.kCfNASsv12oU"
1564425897645	addons.webextension.screenshots@mozilla.org	WARN	Loading extension 'screenshots@mozilla.org': Reading manifest: Invalid extension permission: mozillaAddons
1564425897646	addons.webextension.screenshots@mozilla.org	WARN	Loading extension 'screenshots@mozilla.org': Reading manifest: Invalid extension permission: telemetry
1564425897646	addons.webextension.screenshots@mozilla.org	WARN	Loading extension 'screenshots@mozilla.org': Reading manifest: Invalid extension permission: resource://pdf.js/
1564425897646	addons.webextension.screenshots@mozilla.org	WARN	Loading extension 'screenshots@mozilla.org': Reading manifest: Invalid extension permission: about:reader*
1564425900963	Marionette	INFO	Listening on port 50813
1564425901151	Marionette	WARN	TLS certificate errors will be ignored for this session
[Child 4468, Chrome_Ch[Child 14600, Chrome_ChildThread] WARNING: pipe error: 109: file z:/task_1563383129/build/src/ipc/chromium/src/chrome/common/ipc_channel_win.cc, line 341
[Child 14600, Chrome_ChildThread] WARNING: pipe error: 109: fil[Parent 9128, Gecko_IOThread] WARNING: pipe error: 109: file z:/task_1563383129/build/src/ipc/chromium/src/chrome/common/ipc_channel_win.cc, line 341
1564425926804	Marionette	INFO	Stopped listening on port 50813
[GPU 12788, 
###!!! [Child][RunMessage] Error: Channel closing: too late to send/recv, messages will be lost


###!!! [Child][MessageChannel::SendAndWait] Error: Channel error: cannot send/recv

